<?xml version="1.0" encoding="UTF-8"?>
<!-- Generated by org.testng.reporters.JUnitReportReporter -->
<testsuite hostname="DESKTOP-SI4EFDS" failures="0" tests="2" name="testRunner.testRunner" time="57.906" errors="0" timestamp="2025-06-28T12:53:12 IST" skipped="0">
  <testcase classname="testRunner.testRunner" name="runScenario" time="22.309"/>
  <testcase classname="testRunner.testRunner" name="runScenario" time="35.597"/>
</testsuite> <!-- testRunner.testRunner -->
